<?xml version="1.0" encoding="UTF-8"?>
<!-- Generated by org.testng.reporters.JUnitReportReporter -->
<testsuite hostname="WKMIN7352975" name="automation.autohero.testcases.AutoHeroTestCases" tests="1" failures="0" timestamp="6 Oct 2018 17:52:39 GMT" time="11.630" errors="0">
  <testcase name="AutoHeroSearchScenario" time="11.630" classname="automation.autohero.testcases.AutoHeroTestCases"/>
</testsuite> <!-- automation.autohero.testcases.AutoHeroTestCases -->
